<?xml version="1.0" encoding="utf-8"?><testsuites name="pytest tests"><testsuite name="pytest" errors="0" failures="0" skipped="0" tests="37" time="49.578" timestamp="2026-03-23T01:46:50.634701+00:00" hostname="agent-env-dc9a468f-ae07-4e10-b899-9d74fddb7c2a"><testcase classname="backend.tests.test_api.TestHealth" name="test_health" time="0.137" /><testcase classname="backend.tests.test_api.TestAuth" name="test_login_rafael" time="0.348" /><testcase classname="backend.tests.test_api.TestAuth" name="test_login_gabriela" time="0.398" /><testcase classname="backend.tests.test_api.TestAuth" name="test_login_wrong_password" time="0.427" /><testcase classname="backend.tests.test_api.TestAuth" name="test_login_unknown_user" time="0.168" /><testcase classname="backend.tests.test_api.TestAuth" name="test_register_new_user" time="0.391" /><testcase classname="backend.tests.test_api.TestAuth" name="test_register_duplicate_user" time="0.105" /><testcase classname="backend.tests.test_api.TestData" name="test_get_data_authenticated" time="0.425" /><testcase classname="backend.tests.test_api.TestData" name="test_get_data_unauthenticated" time="0.106" /><testcase classname="backend.tests.test_api.TestData" name="test_put_data_and_verify" time="0.555" /><testcase classname="backend.tests.test_api.TestData" name="test_put_data_unauthenticated" time="0.125" /><testcase classname="backend.tests.test_google_auth.TestHealthEndpoint" name="test_health_returns_ok" time="0.106" /><testcase classname="backend.tests.test_google_auth.TestTraditionalAuth" name="test_login_rafael_success" time="0.330" /><testcase classname="backend.tests.test_google_auth.TestTraditionalAuth" name="test_login_gabriela_success" time="0.352" /><testcase classname="backend.tests.test_google_auth.TestTraditionalAuth" name="test_login_wrong_password" time="0.332" /><testcase classname="backend.tests.test_google_auth.TestTraditionalAuth" name="test_login_nonexistent_user" time="0.101" /><testcase classname="backend.tests.test_google_auth.TestGoogleOAuthEndpoint" name="test_google_auth_endpoint_exists" time="0.181" /><testcase classname="backend.tests.test_google_auth.TestGoogleOAuthEndpoint" name="test_google_auth_missing_session_id" time="0.106" /><testcase classname="backend.tests.test_google_auth.TestGoogleOAuthEndpoint" name="test_google_auth_empty_session_id" time="0.176" /><testcase classname="backend.tests.test_google_auth.TestRegisterEndpoint" name="test_register_duplicate_user" time="0.128" /><testcase classname="backend.tests.test_google_auth.TestDataEndpoints" name="test_get_data_requires_auth" time="0.112" /><testcase classname="backend.tests.test_google_auth.TestDataEndpoints" name="test_get_data_with_auth" time="0.448" /><testcase classname="backend.tests.test_profile_features.TestProfileEndpoints" name="test_get_profile_rafael" time="0.472" /><testcase classname="backend.tests.test_profile_features.TestProfileEndpoints" name="test_get_profile_gabriela" time="0.431" /><testcase classname="backend.tests.test_profile_features.TestProfileEndpoints" name="test_get_profile_unauthenticated" time="0.097" /><testcase classname="backend.tests.test_profile_features.TestProfileEndpoints" name="test_update_profile_display_name" time="0.677" /><testcase classname="backend.tests.test_profile_features.TestProfileEndpoints" name="test_update_profile_short_name_fails" time="0.453" /><testcase classname="backend.tests.test_profile_features.TestProfileEndpoints" name="test_update_profile_picture" time="0.466" /><testcase classname="backend.tests.test_profile_features.TestProfileEndpoints" name="test_update_profile_no_fields" time="0.426" /><testcase classname="backend.tests.test_profile_features.TestChangePassword" name="test_change_password_success" time="1.530" /><testcase classname="backend.tests.test_profile_features.TestChangePassword" name="test_change_password_wrong_current" time="36.847" /><testcase classname="backend.tests.test_profile_features.TestChangePassword" name="test_change_password_weak_new" time="1.432" /><testcase classname="backend.tests.test_profile_features.TestChangePassword" name="test_change_password_unauthenticated" time="0.115" /><testcase classname="backend.tests.test_profile_features.TestGoogleAuthEndpoint" name="test_google_auth_endpoint_exists" time="0.190" /><testcase classname="backend.tests.test_profile_features.TestGoogleAuthEndpoint" name="test_google_auth_missing_session_id" time="0.132" /><testcase classname="backend.tests.test_profile_features.TestLoginWithUserData" name="test_login_rafael_returns_email" time="0.324" /><testcase classname="backend.tests.test_profile_features.TestLoginWithUserData" name="test_login_gabriela_returns_theme" time="0.327" /></testsuite></testsuites>