<?xml version="1.0" encoding="utf-8"?><testsuites name="pytest tests"><testsuite name="pytest" errors="0" failures="0" skipped="0" tests="11" time="3.299" timestamp="2026-03-22T22:12:23.421359+00:00" hostname="agent-env-693d0a76-5f7e-480f-b5bd-cb2f6a68017e"><testcase classname="backend.tests.test_api.TestHealth" name="test_health" time="0.260" /><testcase classname="backend.tests.test_api.TestAuth" name="test_login_rafael" time="0.332" /><testcase classname="backend.tests.test_api.TestAuth" name="test_login_gabriela" time="0.328" /><testcase classname="backend.tests.test_api.TestAuth" name="test_login_wrong_password" time="0.322" /><testcase classname="backend.tests.test_api.TestAuth" name="test_login_unknown_user" time="0.146" /><testcase classname="backend.tests.test_api.TestAuth" name="test_register_new_user" time="0.335" /><testcase classname="backend.tests.test_api.TestAuth" name="test_register_duplicate_user" time="0.163" /><testcase classname="backend.tests.test_api.TestData" name="test_get_data_authenticated" time="0.498" /><testcase classname="backend.tests.test_api.TestData" name="test_get_data_unauthenticated" time="0.106" /><testcase classname="backend.tests.test_api.TestData" name="test_put_data_and_verify" time="0.608" /><testcase classname="backend.tests.test_api.TestData" name="test_put_data_unauthenticated" time="0.095" /></testsuite></testsuites>