<?xml version="1.0" encoding="utf-8"?><testsuites name="pytest tests"><testsuite name="pytest" errors="0" failures="0" skipped="0" tests="21" time="5.724" timestamp="2026-03-23T19:00:53.938574+00:00" hostname="agent-env-1b6a822a-6066-4c67-a488-81a3ad41b509"><testcase classname="backend.tests.test_security_analytics.TestHealthAndBasics" name="test_health_endpoint" time="0.006" /><testcase classname="backend.tests.test_security_analytics.TestAdminAuthentication" name="test_admin_login" time="0.288" /><testcase classname="backend.tests.test_security_analytics.TestAnalyticsEndpoint" name="test_analytics_endpoint_requires_auth" time="0.002" /><testcase classname="backend.tests.test_security_analytics.TestAnalyticsEndpoint" name="test_analytics_endpoint_default_period" time="0.407" /><testcase classname="backend.tests.test_security_analytics.TestAnalyticsEndpoint" name="test_analytics_endpoint_24h_period" time="0.866" /><testcase classname="backend.tests.test_security_analytics.TestAnalyticsEndpoint" name="test_analytics_endpoint_30d_period" time="1.079" /><testcase classname="backend.tests.test_security_analytics.TestAnalyticsEndpoint" name="test_analytics_endpoint_90d_period" time="0.526" /><testcase classname="backend.tests.test_security_analytics.TestAnalyticsEndpoint" name="test_analytics_engagement_metrics" time="0.377" /><testcase classname="backend.tests.test_security_analytics.TestAnalyticsEndpoint" name="test_analytics_realtime_metrics" time="0.373" /><testcase classname="backend.tests.test_security_analytics.TestAnalyticsEndpoint" name="test_popular_habits_structure" time="0.380" /><testcase classname="backend.tests.test_security_analytics.TestAnalyticsEndpoint" name="test_category_distribution_structure" time="0.403" /><testcase classname="backend.tests.test_security_analytics.TestAnalyticsEndpoint" name="test_login_by_hour_structure" time="0.401" /><testcase classname="backend.tests.test_security_analytics.TestSecurityEndpoint" name="test_security_endpoint_requires_auth" time="0.002" /><testcase classname="backend.tests.test_security_analytics.TestSecurityEndpoint" name="test_security_endpoint_structure" time="0.031" /><testcase classname="backend.tests.test_security_analytics.TestSecurityEndpoint" name="test_security_config_values" time="0.033" /><testcase classname="backend.tests.test_security_analytics.TestSecurityEndpoint" name="test_security_events_logged" time="0.031" /><testcase classname="backend.tests.test_security_analytics.TestUnblockEndpoint" name="test_unblock_endpoint_requires_auth" time="0.002" /><testcase classname="backend.tests.test_security_analytics.TestUnblockEndpoint" name="test_unblock_nonexistent_ip" time="0.002" /><testcase classname="backend.tests.test_security_analytics.TestDDoSProtection" name="test_ddos_middleware_active" time="0.006" /><testcase classname="backend.tests.test_security_analytics.TestDDoSProtection" name="test_blocked_ip_mechanism_exists" time="0.031" /><testcase classname="backend.tests.test_security_analytics.TestAnalyticsSecurityEventsIntegration" name="test_analytics_security_events_in_analytics" time="0.383" /></testsuite></testsuites>