<?xml version="1.0" encoding="utf-8"?><testsuites name="pytest tests"><testsuite name="pytest" errors="0" failures="0" skipped="0" tests="20" time="19.989" timestamp="2026-03-24T12:32:08.685782+00:00" hostname="agent-env-2b3833d1-c82e-42aa-b117-870f9475aa56"><testcase classname="backend.tests.test_email_verification.TestRegisterWithEmail" name="test_register_with_email_has_token" time="1.583" /><testcase classname="backend.tests.test_email_verification.TestRegisterWithEmail" name="test_register_with_email_verified_is_false" time="0.000" /><testcase classname="backend.tests.test_email_verification.TestRegisterWithEmail" name="test_register_with_email_has_emailSent_field" time="0.000" /><testcase classname="backend.tests.test_email_verification.TestRegisterWithEmail" name="test_register_with_email_user_has_email" time="0.000" /><testcase classname="backend.tests.test_email_verification.TestRegisterWithEmail" name="test_register_with_email_user_has_id_and_username" time="0.000" /><testcase classname="backend.tests.test_email_verification.TestRegisterWithoutEmail" name="test_register_without_email_has_token" time="1.286" /><testcase classname="backend.tests.test_email_verification.TestRegisterWithoutEmail" name="test_register_without_email_verified_is_null" time="0.000" /><testcase classname="backend.tests.test_email_verification.TestRegisterWithoutEmail" name="test_register_without_email_emailSent_is_false" time="0.000" /><testcase classname="backend.tests.test_email_verification.TestRegisterWithoutEmail" name="test_register_without_email_user_email_is_null" time="0.000" /><testcase classname="backend.tests.test_email_verification.TestRegisterValidation" name="test_register_duplicate_username_returns_400" time="2.695" /><testcase classname="backend.tests.test_email_verification.TestRegisterValidation" name="test_register_invalid_email_returns_400" time="13.032" /><testcase classname="backend.tests.test_email_verification.TestVerifyEmail" name="test_verify_email_invalid_token_returns_404" time="0.071" /><testcase classname="backend.tests.test_email_verification.TestVerifyEmail" name="test_verify_email_invalid_token_has_detail" time="0.072" /><testcase classname="backend.tests.test_email_verification.TestVerifyEmail" name="test_verify_email_invalid_token_error_message" time="0.072" /><testcase classname="backend.tests.test_email_verification.TestResendVerification" name="test_resend_unauthenticated_returns_401" time="0.002" /><testcase classname="backend.tests.test_email_verification.TestResendVerification" name="test_resend_admin_no_email_returns_400" time="0.072" /><testcase classname="backend.tests.test_email_verification.TestResendVerification" name="test_resend_with_email_user_returns_ok_or_resend_restriction" time="0.313" /><testcase classname="backend.tests.test_email_verification.TestLoginEndpoints" name="test_login_returns_token" time="0.327" /><testcase classname="backend.tests.test_email_verification.TestLoginEndpoints" name="test_login_returns_user_object" time="0.328" /><testcase classname="backend.tests.test_email_verification.TestLoginEndpoints" name="test_login_invalid_credentials_returns_401" time="0.072" /></testsuite></testsuites>