<?xml version="1.0" encoding="utf-8"?><testsuites name="pytest tests"><testsuite name="pytest" errors="0" failures="0" skipped="0" tests="20" time="7.567" timestamp="2026-03-23T18:48:09.624521+00:00" hostname="agent-env-1b6a822a-6066-4c67-a488-81a3ad41b509"><testcase classname="backend.tests.test_admin_panel.TestAdminAuthentication" name="test_admin_login_success" time="1.426" /><testcase classname="backend.tests.test_admin_panel.TestAdminAuthentication" name="test_admin_login_wrong_password" time="0.769" /><testcase classname="backend.tests.test_admin_panel.TestAdminAuthentication" name="test_regular_user_not_admin" time="1.291" /><testcase classname="backend.tests.test_admin_panel.TestAdminEndpoints" name="test_admin_stats_endpoint" time="0.435" /><testcase classname="backend.tests.test_admin_panel.TestAdminEndpoints" name="test_admin_users_endpoint" time="0.186" /><testcase classname="backend.tests.test_admin_panel.TestAdminEndpoints" name="test_admin_users_search" time="0.096" /><testcase classname="backend.tests.test_admin_panel.TestAdminEndpoints" name="test_admin_users_filter_google" time="0.064" /><testcase classname="backend.tests.test_admin_panel.TestAdminEndpoints" name="test_non_admin_cannot_access_stats" time="0.002" /><testcase classname="backend.tests.test_admin_panel.TestAdminEndpoints" name="test_non_admin_cannot_access_users" time="0.001" /><testcase classname="backend.tests.test_admin_panel.TestAdminEndpoints" name="test_unauthenticated_cannot_access_admin" time="0.001" /><testcase classname="backend.tests.test_admin_panel.TestAdminUserActions" name="test_disable_user" time="0.065" /><testcase classname="backend.tests.test_admin_panel.TestAdminUserActions" name="test_disabled_user_cannot_login" time="0.598" /><testcase classname="backend.tests.test_admin_panel.TestAdminUserActions" name="test_enable_user" time="0.066" /><testcase classname="backend.tests.test_admin_panel.TestAdminUserActions" name="test_enabled_user_can_login" time="0.851" /><testcase classname="backend.tests.test_admin_panel.TestAdminUserActions" name="test_reset_password" time="1.112" /><testcase classname="backend.tests.test_admin_panel.TestAdminUserActions" name="test_reset_password_validation" time="0.032" /><testcase classname="backend.tests.test_admin_panel.TestAdminUserActions" name="test_toggle_feature" time="0.130" /><testcase classname="backend.tests.test_admin_panel.TestAdminUserActions" name="test_cannot_modify_admin_user" time="0.064" /><testcase classname="backend.tests.test_admin_panel.TestAdminUserActions" name="test_get_user_detail" time="0.095" /><testcase classname="backend.tests.test_admin_panel.TestGoogleAuthGoogleIdPriority" name="test_google_auth_endpoint_exists" time="0.207" /></testsuite></testsuites>