<?xml version="1.0" encoding="utf-8"?><testsuites name="pytest tests"><testsuite name="pytest" errors="0" failures="0" skipped="0" tests="8" time="13.519" timestamp="2026-03-23T12:24:33.989797+00:00" hostname="agent-env-4bccf5ca-d52d-439d-a023-013d8a5960fd"><testcase classname="tests.test_ai_itinerary.TestAIItinerary" name="test_itinerary_endpoint_returns_valid_json" time="6.250" /><testcase classname="tests.test_ai_itinerary.TestAIItinerary" name="test_itinerary_organizes_activities_in_correct_days" time="2.779" /><testcase classname="tests.test_ai_itinerary.TestAIItinerary" name="test_itinerary_preserves_current_itinerary" time="1.823" /><testcase classname="tests.test_ai_itinerary.TestAIItinerary" name="test_itinerary_requires_auth" time="0.460" /><testcase classname="tests.test_ai_itinerary.TestAITranscribe" name="test_transcribe_endpoint_exists" time="0.472" /><testcase classname="tests.test_ai_itinerary.TestAITranscribe" name="test_transcribe_requires_auth" time="0.461" /><testcase classname="tests.test_ai_itinerary.TestEventDataPersistence" name="test_get_user_data" time="0.514" /><testcase classname="tests.test_ai_itinerary.TestEventDataPersistence" name="test_save_user_data_with_itinerary" time="0.701" /></testsuite></testsuites>