<?xml version="1.0" encoding="utf-8"?><testsuites name="pytest tests"><testsuite name="pytest" errors="0" failures="0" skipped="0" tests="8" time="20.912" timestamp="2026-03-23T13:34:08.474039+00:00" hostname="agent-env-7c876a61-eae5-4966-9ba6-9456b46a7a62"><testcase classname="backend.tests.test_tars_function_calling.TestTARSFunctionCalling" name="test_01_tars_lists_user_events" time="3.411" /><testcase classname="backend.tests.test_tars_function_calling.TestTARSFunctionCalling" name="test_02_tars_views_event_itinerary" time="3.918" /><testcase classname="backend.tests.test_tars_function_calling.TestTARSFunctionCalling" name="test_03_tars_adds_activity_to_itinerary" time="4.157" /><testcase classname="backend.tests.test_tars_function_calling.TestTARSFunctionCalling" name="test_04_activity_persisted_in_database" time="1.563" /><testcase classname="backend.tests.test_tars_function_calling.TestTARSFunctionCalling" name="test_05_tars_creates_new_habit" time="3.759" /><testcase classname="backend.tests.test_tars_function_calling.TestTARSEdgeCases" name="test_ai_chat_requires_auth" time="0.463" /><testcase classname="backend.tests.test_tars_function_calling.TestTARSEdgeCases" name="test_ai_chat_handles_empty_message" time="1.709" /><testcase classname="backend.tests.test_tars_function_calling.TestTARSEdgeCases" name="test_add_to_nonexistent_event" time="1.876" /></testsuite></testsuites>