<?xml version="1.0" encoding="utf-8"?><testsuites name="pytest tests"><testsuite name="pytest" errors="0" failures="0" skipped="0" tests="22" time="5.758" timestamp="2026-03-23T00:29:06.137325+00:00" hostname="agent-env-d822a10e-f259-4985-8e78-f3fb14fc7321"><testcase classname="backend.tests.test_api.TestHealth" name="test_health" time="0.144" /><testcase classname="backend.tests.test_api.TestAuth" name="test_login_rafael" time="0.477" /><testcase classname="backend.tests.test_api.TestAuth" name="test_login_gabriela" time="0.335" /><testcase classname="backend.tests.test_api.TestAuth" name="test_login_wrong_password" time="0.336" /><testcase classname="backend.tests.test_api.TestAuth" name="test_login_unknown_user" time="0.163" /><testcase classname="backend.tests.test_api.TestAuth" name="test_register_new_user" time="0.328" /><testcase classname="backend.tests.test_api.TestAuth" name="test_register_duplicate_user" time="0.153" /><testcase classname="backend.tests.test_api.TestData" name="test_get_data_authenticated" time="0.469" /><testcase classname="backend.tests.test_api.TestData" name="test_get_data_unauthenticated" time="0.115" /><testcase classname="backend.tests.test_api.TestData" name="test_put_data_and_verify" time="0.604" /><testcase classname="backend.tests.test_api.TestData" name="test_put_data_unauthenticated" time="0.128" /><testcase classname="backend.tests.test_google_auth.TestHealthEndpoint" name="test_health_returns_ok" time="0.131" /><testcase classname="backend.tests.test_google_auth.TestTraditionalAuth" name="test_login_rafael_success" time="0.332" /><testcase classname="backend.tests.test_google_auth.TestTraditionalAuth" name="test_login_gabriela_success" time="0.328" /><testcase classname="backend.tests.test_google_auth.TestTraditionalAuth" name="test_login_wrong_password" time="0.348" /><testcase classname="backend.tests.test_google_auth.TestTraditionalAuth" name="test_login_nonexistent_user" time="0.091" /><testcase classname="backend.tests.test_google_auth.TestGoogleOAuthEndpoint" name="test_google_auth_endpoint_exists" time="0.212" /><testcase classname="backend.tests.test_google_auth.TestGoogleOAuthEndpoint" name="test_google_auth_missing_session_id" time="0.140" /><testcase classname="backend.tests.test_google_auth.TestGoogleOAuthEndpoint" name="test_google_auth_empty_session_id" time="0.158" /><testcase classname="backend.tests.test_google_auth.TestRegisterEndpoint" name="test_register_duplicate_user" time="0.145" /><testcase classname="backend.tests.test_google_auth.TestDataEndpoints" name="test_get_data_requires_auth" time="0.105" /><testcase classname="backend.tests.test_google_auth.TestDataEndpoints" name="test_get_data_with_auth" time="0.424" /></testsuite></testsuites>