<?xml version="1.0" encoding="utf-8"?><testsuites name="pytest tests"><testsuite name="pytest" errors="0" failures="0" skipped="0" tests="26" time="4.059" timestamp="2026-03-24T12:07:14.459399+00:00" hostname="agent-env-2b3833d1-c82e-42aa-b117-870f9475aa56"><testcase classname="backend.tests.test_shared_events.TestSharedEventsAuth" name="test_get_events_requires_auth" time="0.006" /><testcase classname="backend.tests.test_shared_events.TestSharedEventsAuth" name="test_post_event_requires_auth" time="0.002" /><testcase classname="backend.tests.test_shared_events.TestSharedEventsCRUD" name="test_get_events_returns_list" time="0.317" /><testcase classname="backend.tests.test_shared_events.TestSharedEventsCRUD" name="test_create_event_success" time="0.119" /><testcase classname="backend.tests.test_shared_events.TestSharedEventsCRUD" name="test_create_event_fields_validation" time="0.003" /><testcase classname="backend.tests.test_shared_events.TestSharedEventsCRUD" name="test_update_event_as_owner" time="0.205" /><testcase classname="backend.tests.test_shared_events.TestSharedEventsCRUD" name="test_update_event_not_found" time="0.030" /><testcase classname="backend.tests.test_shared_events.TestSharedEventsCRUD" name="test_delete_event_as_owner" time="0.119" /><testcase classname="backend.tests.test_shared_events.TestSharedEventsCRUD" name="test_delete_nonexistent_event" time="0.030" /><testcase classname="backend.tests.test_shared_events.TestSharedEventsInvite" name="test_invite_user_to_event" time="0.204" /><testcase classname="backend.tests.test_shared_events.TestSharedEventsInvite" name="test_invite_nonexistent_user" time="0.175" /><testcase classname="backend.tests.test_shared_events.TestSharedEventsInvite" name="test_invite_self_returns_error" time="0.174" /><testcase classname="backend.tests.test_shared_events.TestSharedEventsInvite" name="test_invite_duplicate_participant" time="0.260" /><testcase classname="backend.tests.test_shared_events.TestSharedEventsInvite" name="test_non_owner_cannot_invite" time="0.429" /><testcase classname="backend.tests.test_shared_events.TestSharedEventsInvite" name="test_non_owner_cannot_delete" time="0.148" /><testcase classname="backend.tests.test_shared_events.TestParticipantVisibility" name="test_invited_user_sees_event" time="0.264" /><testcase classname="backend.tests.test_shared_events.TestParticipantVisibility" name="test_owner_sees_own_event" time="0.147" /><testcase classname="backend.tests.test_shared_events.TestLeaveEvent" name="test_participant_can_leave_event" time="0.293" /><testcase classname="backend.tests.test_shared_events.TestLeaveEvent" name="test_owner_cannot_leave_event" time="0.148" /><testcase classname="backend.tests.test_shared_events.TestParticipantUpdatePermissions" name="test_participant_can_update_review" time="0.293" /><testcase classname="backend.tests.test_shared_events.TestParticipantUpdatePermissions" name="test_participant_cannot_update_title" time="0.260" /><testcase classname="backend.tests.test_shared_events.TestMigrateEvents" name="test_migrate_events_endpoint" time="0.057" /><testcase classname="backend.tests.test_shared_events.TestMigrateEvents" name="test_migrate_empty_events" time="0.030" /><testcase classname="backend.tests.test_shared_events.TestMigrateEvents" name="test_migrate_skips_duplicates" time="0.114" /><testcase classname="backend.tests.test_shared_events.TestEventSerialization" name="test_event_response_has_no_mongodb_id" time="0.118" /><testcase classname="backend.tests.test_shared_events.TestEventSerialization" name="test_events_list_has_no_mongodb_id" time="0.030" /></testsuite></testsuites>