<?xml version="1.0" encoding="utf-8"?><testsuites name="pytest tests"><testsuite name="pytest" errors="0" failures="0" skipped="0" tests="11" time="3.064" timestamp="2026-03-22T23:35:26.790128+00:00" hostname="agent-env-d822a10e-f259-4985-8e78-f3fb14fc7321"><testcase classname="backend.tests.test_google_auth.TestHealthEndpoint" name="test_health_returns_ok" time="0.189" /><testcase classname="backend.tests.test_google_auth.TestTraditionalAuth" name="test_login_rafael_success" time="0.336" /><testcase classname="backend.tests.test_google_auth.TestTraditionalAuth" name="test_login_gabriela_success" time="0.332" /><testcase classname="backend.tests.test_google_auth.TestTraditionalAuth" name="test_login_wrong_password" time="0.358" /><testcase classname="backend.tests.test_google_auth.TestTraditionalAuth" name="test_login_nonexistent_user" time="0.442" /><testcase classname="backend.tests.test_google_auth.TestGoogleOAuthEndpoint" name="test_google_auth_endpoint_exists" time="0.288" /><testcase classname="backend.tests.test_google_auth.TestGoogleOAuthEndpoint" name="test_google_auth_missing_session_id" time="0.098" /><testcase classname="backend.tests.test_google_auth.TestGoogleOAuthEndpoint" name="test_google_auth_empty_session_id" time="0.178" /><testcase classname="backend.tests.test_google_auth.TestRegisterEndpoint" name="test_register_duplicate_user" time="0.126" /><testcase classname="backend.tests.test_google_auth.TestDataEndpoints" name="test_get_data_requires_auth" time="0.126" /><testcase classname="backend.tests.test_google_auth.TestDataEndpoints" name="test_get_data_with_auth" time="0.523" /></testsuite></testsuites>