<?xml version="1.0" encoding="utf-8"?><testsuites name="pytest tests"><testsuite name="pytest" errors="0" failures="0" skipped="0" tests="15" time="7.959" timestamp="2026-03-23T01:43:47.439983+00:00" hostname="agent-env-dc9a468f-ae07-4e10-b899-9d74fddb7c2a"><testcase classname="backend.tests.test_profile_features.TestProfileEndpoints" name="test_get_profile_rafael" time="0.530" /><testcase classname="backend.tests.test_profile_features.TestProfileEndpoints" name="test_get_profile_gabriela" time="0.472" /><testcase classname="backend.tests.test_profile_features.TestProfileEndpoints" name="test_get_profile_unauthenticated" time="0.104" /><testcase classname="backend.tests.test_profile_features.TestProfileEndpoints" name="test_update_profile_display_name" time="0.656" /><testcase classname="backend.tests.test_profile_features.TestProfileEndpoints" name="test_update_profile_short_name_fails" time="0.424" /><testcase classname="backend.tests.test_profile_features.TestProfileEndpoints" name="test_update_profile_picture" time="0.466" /><testcase classname="backend.tests.test_profile_features.TestProfileEndpoints" name="test_update_profile_no_fields" time="0.455" /><testcase classname="backend.tests.test_profile_features.TestChangePassword" name="test_change_password_success" time="1.569" /><testcase classname="backend.tests.test_profile_features.TestChangePassword" name="test_change_password_wrong_current" time="0.677" /><testcase classname="backend.tests.test_profile_features.TestChangePassword" name="test_change_password_weak_new" time="1.362" /><testcase classname="backend.tests.test_profile_features.TestChangePassword" name="test_change_password_unauthenticated" time="0.133" /><testcase classname="backend.tests.test_profile_features.TestGoogleAuthEndpoint" name="test_google_auth_endpoint_exists" time="0.204" /><testcase classname="backend.tests.test_profile_features.TestGoogleAuthEndpoint" name="test_google_auth_missing_session_id" time="0.104" /><testcase classname="backend.tests.test_profile_features.TestLoginWithUserData" name="test_login_rafael_returns_email" time="0.336" /><testcase classname="backend.tests.test_profile_features.TestLoginWithUserData" name="test_login_gabriela_returns_theme" time="0.398" /></testsuite></testsuites>