<?xml version="1.0" encoding="utf-8"?><testsuites name="pytest tests"><testsuite name="pytest" errors="0" failures="0" skipped="0" tests="9" time="32.139" timestamp="2026-03-23T14:01:47.055793+00:00" hostname="agent-env-7c876a61-eae5-4966-9ba6-9456b46a7a62"><testcase classname="tests.test_google_places_tars.TestEmailLogin" name="test_login_with_email_success" time="0.533" /><testcase classname="tests.test_google_places_tars.TestEmailLogin" name="test_login_with_wrong_password" time="0.415" /><testcase classname="tests.test_google_places_tars.TestEmailLogin" name="test_login_with_nonexistent_email" time="0.202" /><testcase classname="tests.test_google_places_tars.TestUserData" name="test_get_user_data" time="0.678" /><testcase classname="tests.test_google_places_tars.TestTARSSearchPlaces" name="test_tars_search_italian_restaurants_times_square" time="6.024" /><testcase classname="tests.test_google_places_tars.TestTARSSearchPlaces" name="test_tars_search_museums_manhattan" time="11.814" /><testcase classname="tests.test_google_places_tars.TestTARSAddToItinerary" name="test_tars_add_activity_to_nyc_trip" time="5.001" /><testcase classname="tests.test_google_places_tars.TestTARSAddToItinerary" name="test_tars_get_event_itinerary" time="7.180" /><testcase classname="tests.test_google_places_tars.TestHealthCheck" name="test_api_health" time="0.226" /></testsuite></testsuites>