<?xml version="1.0" encoding="utf-8"?><testsuites name="pytest tests"><testsuite name="pytest" errors="0" failures="0" skipped="0" tests="8" time="5.134" timestamp="2026-03-24T13:26:06.428749+00:00" hostname="agent-env-55625a9b-6004-41ca-8aba-121625e49bb8"><testcase classname="tests.test_forgot_password.TestForgotPasswordAPI" name="test_forgot_password_returns_success_for_existing_email" time="0.627" /><testcase classname="tests.test_forgot_password.TestForgotPasswordAPI" name="test_forgot_password_returns_success_for_nonexistent_email" time="0.169" /><testcase classname="tests.test_forgot_password.TestForgotPasswordAPI" name="test_forgot_password_creates_reset_token_in_db" time="0.716" /><testcase classname="tests.test_forgot_password.TestResetPasswordAPI" name="test_reset_password_with_invalid_token" time="0.178" /><testcase classname="tests.test_forgot_password.TestResetPasswordAPI" name="test_reset_password_with_short_password" time="0.473" /><testcase classname="tests.test_forgot_password.TestResetPasswordAPI" name="test_reset_password_full_flow" time="1.160" /><testcase classname="tests.test_forgot_password.TestResetPasswordAPI" name="test_reset_password_token_cannot_be_reused" time="0.822" /><testcase classname="tests.test_forgot_password.TestResetPasswordExpiry" name="test_expired_token_is_rejected" time="0.861" /></testsuite></testsuites>